Session name....... locksBad
Directory.......... CIVLREP
Date............... Tue Apr 19 15:58:33 MDT 2016
Trace ID........... 0
Violation number....... 0

== Begin Violation Message == 
Violation 0[length=11, file=CIVLREP/locksBad_0.trace]:
CIVL execution violation (kind: DEADLOCK, certainty: PROVEABLE)
at locksBad.cvl:31.2-7 "$wait":
A deadlock is possible:
  Path condition: true
  Enabling predicate: false
process p0 (id=0): false
process p1 (id=1): false
process p2 (id=2): false

Call stacks:
process p0 (id=0):
  main at locksBad.cvl:31.2-7 "$wait"
process p1 (id=1):
  proc0 at locksBad.cvl:12.4-9 "$when"
process p2 (id=2):
  proc1 at locksBad.cvl:21.4-9 "$when"

== End Violation Message == 

== Begin Configuration ==
examples/concurrency/locksBad.cvl
== End Configuration ==

== Begin Trace ==
LENGTH = 11
0
0
1
0
== End Trace ==
